\BOOKMARK [1][-]{section.1}{Group 1: Single Peak at 0.33}{}% 1
\BOOKMARK [2][-]{subsection.1.1}{SCFR\137NC\137060933.1\137395542\137400771}{section.1}% 2
\BOOKMARK [3][-]{subsubsection.1.1.1}{Protein: frame2}{subsection.1.1}% 3
\BOOKMARK [2][-]{subsection.1.2}{SCFR\137NC\137060933.1\137395516\137400868}{section.1}% 4
\BOOKMARK [3][-]{subsubsection.1.2.1}{Protein: frame-2}{subsection.1.2}% 5
\BOOKMARK [2][-]{subsection.1.3}{SCFR\137NC\137060933.1\137395486\137400679}{section.1}% 6
\BOOKMARK [3][-]{subsubsection.1.3.1}{Protein: frame3}{subsection.1.3}% 7
\BOOKMARK [2][-]{subsection.1.4}{SCFR\137NC\137060933.1\137395493\137400890}{section.1}% 8
\BOOKMARK [3][-]{subsubsection.1.4.1}{Protein: frame1}{subsection.1.4}% 9
\BOOKMARK [2][-]{subsection.1.5}{SCFR\137NC\137060933.1\137395577\137400893}{section.1}% 10
\BOOKMARK [3][-]{subsubsection.1.5.1}{Protein: frame-1}{subsection.1.5}% 11
\BOOKMARK [1][-]{section.2}{Group 2: Single Peak Elsewhere}{}% 12
\BOOKMARK [1][-]{section.3}{Group 3: Multiple Peaks}{}% 13
\BOOKMARK [2][-]{subsection.3.1}{SCFR\137NC\137060933.1\13777562595\13777568433}{section.3}% 14
\BOOKMARK [3][-]{subsubsection.3.1.1}{Protein: frame2}{subsection.3.1}% 15
\BOOKMARK [2][-]{subsection.3.2}{SCFR\137NC\137060933.1\13744806122\13744812923}{section.3}% 16
\BOOKMARK [3][-]{subsubsection.3.2.1}{Protein: frame-1}{subsection.3.2}% 17
\BOOKMARK [2][-]{subsection.3.3}{SCFR\137NC\137060933.1\13740576219\13740581328}{section.3}% 18
\BOOKMARK [3][-]{subsubsection.3.3.1}{Protein: frame-3}{subsection.3.3}% 19
\BOOKMARK [2][-]{subsection.3.4}{SCFR\137NC\137060933.1\13779978486\13779984003}{section.3}% 20
\BOOKMARK [3][-]{subsubsection.3.4.1}{Protein: frame-3}{subsection.3.4}% 21
