NC_072373.2	98060351	98070545	3
NC_072373.2	98106582	98117661	1
NC_072373.2	98175287	98187518	3
NC_072376.2	199870073	199880873	3
NC_072376.2	199870082	199880756	-3
NC_072376.2	199870101	199880838	1
NC_072376.2	199870135	199880899	2
NC_072376.2	199870176	199880916	-2
NC_072376.2	199870183	199880812	-1
NC_072377.2	83412036	83422569	1
NC_072378.2	23827356	23839515	-1
NC_072378.2	23827732	23839525	-3
NC_072378.2	25586883	25599510	1
NC_072378.2	25586953	25599583	2
NC_072378.2	25586972	25599479	3
NC_072378.2	169658001	169672956	1
NC_072378.2	169658006	169672799	3
NC_072378.2	169658053	169673170	2
NC_072379.2	10084011	10095126	1
NC_072379.2	10114819	10129846	2
NC_072379.2	10129849	10170319	2
NC_072379.2	10200553	10224523	2
NC_072379.2	10250285	10260395	3
NC_072380.2	156855389	156865916	-1
NC_072381.2	137690549	137701628	3
NC_072381.2	137690870	137701595	-2
NC_072381.2	137690992	137701819	2
NC_072381.2	137691013	137701645	-3
NC_072381.2	139192589	139202909	-2
NC_072381.2	139192782	139202910	1
NC_072382.2	935318	949838	-2
NC_072382.2	1022942	1033265	3
NC_072382.2	1114086	1128324	1
NC_072382.2	1176157	1190443	2
NC_072382.2	12238690	12256762	2
NC_072383.2	37950661	37962124	2
NC_072384.2	1565	11657	-3
NC_072384.2	1566	11799	1
NC_072384.2	2057	12413	3
NC_072384.2	78236099	78253337	-3
NC_072384.2	141461688	141472056	1
NC_072384.2	141461759	141472808	3
NC_072385.2	103639377	103650225	-3
NC_072385.2	103639411	103650247	-2
NC_072385.2	103639424	103650215	-1
NC_072385.2	106371603	106388343	-3
NC_072387.2	1318	12442	-1
NC_072387.2	1319	12437	3
NC_072387.2	29558265	29569824	-2
NC_072387.2	112663079	112684070	-3
NC_072388.2	104093834	104110223	-2
NC_072389.2	47916144	47926380	1
NC_072390.2	5555	15794	-2
NC_072390.2	5556	15858	1
NC_072391.2	5548707	5558754	-3
NC_072391.2	5548805	5558828	3
NC_072391.2	5582139	5593644	-3
NC_072391.2	5582237	5593718	3
NC_072391.2	5582248	5593555	2
NC_072391.2	85736291	85748282	3
NC_072393.2	4562511	4577508	1
NC_072393.2	9195524	9212183	-3
NC_072394.2	0	32328	-1
NC_072394.2	1	32380	2
NC_072394.2	922	31264	-3
NC_072394.2	923	31265	3
NC_072396.2	1583184	1593345	1
NC_072396.2	1583194	1593295	-2
NC_072397.2	5037707	5054327	3
NC_072397.2	5038917	5054298	1
