NC_072398.2	169	10204	-3
NC_072398.2	170	10628	3
NC_072398.2	96882521	96894578	3
NC_072398.2	96981866	96993533	3
NC_072402.2	49	11809	-3
NC_072402.2	50	11810	3
NC_072402.2	866	11639	-2
NC_072402.2	867	11640	1
NC_072402.2	36308310	36318840	-1
NC_072404.2	110413448	110424182	3
NC_072404.2	110442616	110484883	2
NC_072404.2	110514270	110538945	1
NC_072404.2	110564460	110591907	1
NC_072407.2	15	10503	-1
NC_072407.2	16	10504	2
NC_072407.2	415	10516	-3
NC_072407.2	416	10517	3
NC_072407.2	5251273	5266057	-3
NC_072407.2	5341311	5351793	1
NC_072407.2	5431171	5443480	2
NC_072407.2	5492289	5508435	1
NC_072407.2	64830651	64848159	-1
NC_072408.2	55382236	55394629	-2
NC_072409.2	1037	11111	3
NC_072410.2	95277515	95293250	-3
NC_072410.2	120862920	120874362	-2
NC_072410.2	120862925	120874493	-3
NC_072410.2	120862939	120874378	-1
NC_072411.2	80589769	80607007	-1
NC_072411.2	144465334	144476758	-1
NC_072411.2	144465335	144476759	3
NC_072412.2	459	10710	-3
NC_072412.2	460	10711	2
NC_072412.2	488	10613	-1
NC_072412.2	489	10614	1
NC_072412.2	22520658	22532217	-3
NC_072412.2	108342188	108363185	-1
NC_072413.2	102980878	102995764	-2
NC_072414.2	34658704	34668958	2
NC_072416.2	86606069	86617958	3
NC_072418.2	11724010	11746741	-3
NC_072418.2	61478466	61488516	1
NC_072419.2	5967	16329	-2
NC_072419.2	5968	16330	2
NC_072420.2	759	10962	-2
NC_072420.2	760	10879	2
NC_072420.2	764	10871	-3
NC_072420.2	765	10872	1
NC_072421.2	1352923	1367350	-2
NC_072421.2	1353020	1367336	-1
NC_072421.2	1353087	1367346	-3
NC_072421.2	1353281	1365893	3
NC_072421.2	1356963	1367256	1
