NC_073224.2	104483886	104495943	1
NC_073224.2	104581524	104592423	1
NC_073227.2	81548573	81565604	-2
NC_073227.2	81618830	81631871	-2
NC_073227.2	81964890	81981921	-1
NC_073227.2	82037244	82050285	-1
NC_073227.2	82171006	82194967	-3
NC_073227.2	82240020	82255974	-1
NC_073227.2	82280244	82308024	-1
NC_073227.2	82364369	82375700	-2
NC_073227.2	84719664	84730830	-1
NC_073227.2	84730778	84741152	-2
NC_073227.2	84751778	84766976	-2
NC_073227.2	84782602	84795130	-3
NC_073227.2	84845676	84861819	-1
NC_073227.2	84864309	84876120	-1
NC_073227.2	85089029	85108370	-2
NC_073228.2	158858669	158868704	3
NC_073229.2	191756350	191770492	-2
NC_073229.2	191756409	191770125	-3
NC_073229.2	191756441	191770418	-1
NC_073230.2	87646410	87673767	-3
NC_073230.2	87697258	87740314	-2
NC_073230.2	87770041	87793822	-2
NC_073230.2	87793422	87815400	-3
NC_073230.2	164199720	164211564	1
NC_073231.2	149710997	149727908	-3
NC_073231.2	149711021	149721230	3
NC_073233.2	7462739	7476872	-1
NC_073233.2	7640486	7654049	3
NC_073233.2	7703066	7715603	3
NC_073233.2	17639276	17663846	3
NC_073233.2	17639302	17663854	2
NC_073233.2	17639316	17663802	-3
NC_073233.2	17639321	17663885	-1
NC_073233.2	17639341	17663782	-2
NC_073233.2	17639364	17663817	1
NC_073233.2	70434983	70452491	-1
NC_073233.2	143597515	143608078	-2
NC_073234.2	60790981	60802768	-2
NC_073235.2	81030956	81048194	-2
NC_073236.2	18460955	18847313	-3
NC_073236.2	18461034	18586215	-2
NC_073236.2	18461140	19049575	-1
NC_073236.2	18521804	18540476	3
NC_073236.2	18541138	18553663	2
NC_073236.2	18541485	18554649	1
NC_073236.2	18556250	18567926	3
NC_073236.2	18581556	18597183	1
NC_073236.2	18586218	19032354	-2
NC_073236.2	18592775	18616097	3
NC_073236.2	18618668	18629369	3
NC_073236.2	18627546	18639555	1
NC_073236.2	18673940	18688697	3
NC_073236.2	18689988	18701328	1
NC_073236.2	18707651	18718583	3
NC_073236.2	18717834	18729276	1
NC_073236.2	18807499	18817717	2
NC_073236.2	18847316	18977078	-3
NC_073236.2	18868818	18887247	1
NC_073236.2	18873340	18912373	2
NC_073236.2	18878117	18890426	3
NC_073236.2	18887382	18911676	1
NC_073236.2	18910421	18925187	3
NC_073236.2	18913384	18924823	2
NC_073236.2	18924826	18973396	2
NC_073236.2	18929280	18969027	1
NC_073236.2	18932732	18969911	3
NC_073236.2	18974266	18984871	2
NC_073236.2	18977081	19025996	-3
NC_073236.2	18977394	18992334	1
NC_073236.2	18992116	19003213	2
NC_073236.2	18996569	19009145	3
NC_073236.2	19029263	19042622	-3
NC_073236.2	19042625	19058126	-3
NC_073236.2	19046178	19081059	-2
NC_073236.2	19048095	19058127	1
NC_073236.2	19076540	19099589	-3
NC_073236.2	19079566	19106236	-1
NC_073236.2	19107752	19139135	-3
NC_073236.2	19108908	19119870	-2
NC_073236.2	19113328	19287679	-1
NC_073236.2	19119873	19172223	-2
NC_073236.2	19139138	19176983	-3
NC_073236.2	19160282	19170887	3
NC_073236.2	19164753	19176456	1
NC_073236.2	19178703	19287357	-2
NC_073236.2	19183310	19287365	-3
NC_073236.2	19183311	19257468	1
NC_073236.2	19190800	19275301	2
NC_073236.2	19191956	19215290	3
NC_073236.2	19215293	19254029	3
NC_073236.2	19270778	19286483	3
NC_073236.2	20055615	20205381	-2
NC_073236.2	20055694	20154544	-1
NC_073236.2	20055800	20216210	-3
NC_073236.2	20061346	20074342	2
NC_073236.2	20062689	20074824	1
NC_073236.2	20074827	20092686	1
NC_073236.2	20076170	20091428	3
NC_073236.2	20079490	20093383	2
NC_073236.2	20094394	20106148	2
NC_073236.2	20106027	20150913	1
NC_073236.2	20106151	20150029	2
NC_073236.2	20113853	20154545	3
NC_073236.2	20151783	20161980	1
NC_073236.2	20154547	20222041	-1
NC_073236.2	20156611	20167165	2
NC_073236.2	20161983	20173368	1
NC_073236.2	20166947	20187137	3
NC_073236.2	20181004	20192848	2
NC_073236.2	20187140	20200328	3
NC_073236.2	20211759	20242713	-2
NC_073236.2	20225597	20237528	-3
NC_073236.2	20227497	20237529	1
NC_073236.2	20234590	20247031	-1
NC_073236.2	20239367	20250278	-3
NC_073236.2	20242716	20254800	-2
NC_073236.2	20250281	20273942	-3
NC_073236.2	20253307	20277223	-1
NC_073236.2	20265972	20299017	-2
NC_073236.2	20277226	20292370	-1
NC_073236.2	20299020	20312634	-2
NC_073236.2	20300533	20513077	-1
NC_073236.2	20306126	20353712	-3
NC_073236.2	20312637	20331198	-2
NC_073236.2	20333598	20356551	-2
NC_073236.2	20353715	20510927	-3
NC_073236.2	20358339	20510919	-2
NC_073236.2	20358340	20402653	2
NC_073236.2	20362922	20444732	3
NC_073236.2	20364078	20412699	1
NC_073236.2	20402656	20443735	2
NC_073236.2	20412702	20428050	1
NC_073236.2	20428053	20465889	1
NC_073236.2	20443738	20501890	2
NC_073236.2	20444735	20459378	3
NC_073236.2	20459381	20474693	3
NC_073236.2	20465892	20493519	1
NC_073236.2	20474696	20497661	3
NC_073236.2	20493537	20504793	1
NC_073236.2	20498309	20509073	3
NC_073236.2	20527465	20641495	-1
NC_073236.2	20528097	20589384	-2
NC_073236.2	20528105	20658155	-3
NC_073236.2	20529421	20541352	2
NC_073236.2	20540867	20585753	3
NC_073236.2	20540991	20584869	1
NC_073236.2	20548693	20589385	2
NC_073236.2	20589387	20652324	-2
NC_073236.2	20591451	20602650	1
NC_073236.2	20600546	20612372	3
NC_073236.2	20602653	20623251	1
NC_073236.2	20617118	20628962	3
NC_073236.2	20623254	20636442	1
NC_073236.2	20647873	20678827	-1
NC_073236.2	20661711	20673642	-2
NC_073236.2	20663611	20673643	2
NC_073236.2	20670704	20683145	-3
NC_073236.2	20675481	20686392	-2
NC_073236.2	20678830	20690914	-1
NC_073236.2	20686395	20710056	-2
NC_073236.2	20689421	20713337	-3
NC_073236.2	20702086	20735131	-1
NC_073236.2	20713340	20728484	-3
NC_073236.2	20735134	20748748	-1
NC_073236.2	20736647	20941634	-3
NC_073236.2	20742240	20789826	-2
NC_073236.2	20748751	20767312	-1
NC_073236.2	20769712	20792665	-1
NC_073236.2	20789829	20939484	-2
NC_073236.2	20794453	20939476	-1
NC_073236.2	20794454	20878304	3
NC_073236.2	20799036	20846271	1
NC_073236.2	20800192	20836225	2
NC_073236.2	20836228	20877307	2
NC_073236.2	20846274	20861622	1
NC_073236.2	20861625	20894208	1
NC_073236.2	20877310	20908543	2
NC_073236.2	20887700	20903012	3
NC_073236.2	20894211	20926218	1
NC_073236.2	20903015	20930447	3
NC_073236.2	20908546	20922076	2
NC_073236.2	20922094	20933350	2
NC_073236.2	20926866	20937630	1
NC_073236.2	112334532	112350717	-2
NC_073238.2	20446346	21252449	-2
NC_073238.2	20446425	21254472	-1
NC_073238.2	20446531	20657170	-3
NC_073238.2	20657173	21007348	-3
NC_073238.2	20662458	20683620	1
NC_073238.2	20684524	20708695	2
NC_073238.2	20778840	20795208	1
NC_073238.2	20817965	20829854	3
NC_073238.2	20825029	20835532	2
NC_073238.2	20825292	20836620	1
NC_073238.2	20830520	20841380	3
NC_073238.2	21007351	21249865	-3
NC_073238.2	21053152	21066613	2
NC_073238.2	21254475	21273954	-1
NC_073238.2	21257782	21268591	2
NC_073238.2	21269299	21285259	-3
NC_073238.2	21272648	21292127	-2
NC_073238.2	21273957	21286296	-1
NC_073238.2	21286299	21304401	-1
NC_073238.2	21292130	21306845	-2
NC_073238.2	21309413	21319631	-2
NC_073238.2	21322719	21448506	-1
NC_073238.2	21325206	21409380	1
NC_073238.2	21325277	21432329	-2
NC_073238.2	21325282	21399403	2
NC_073238.2	21325285	21448498	-3
NC_073238.2	21333230	21374105	3
NC_073238.2	21374108	21400331	3
NC_073238.2	21400487	21421394	3
NC_073238.2	21406471	21421924	2
NC_073238.2	21409383	21420792	1
NC_073238.2	21432332	21454379	-2
NC_073238.2	21448501	21461527	-3
NC_073238.2	21454374	21468369	-1
NC_073238.2	21461522	21474863	-2
NC_073238.2	21468372	21496734	-1
NC_073238.2	21474866	21502550	-2
NC_073238.2	21474874	21501562	-3
NC_073238.2	37643010	37654569	-1
NC_073238.2	117449469	117470463	-1
NC_073239.2	121851275	121863776	3
NC_073239.2	121851312	121863879	1
NC_073239.2	121851316	121863820	2
NC_073239.2	121936319	121953572	-2
NC_073240.2	13140813	13325778	-2
NC_073240.2	13140892	13326112	-1
NC_073240.2	13140998	13325723	-3
NC_073240.2	13372978	13750747	-1
NC_073240.2	13373057	13749047	-3
NC_073240.2	13373163	13748571	-2
NC_073240.2	13717456	13728520	2
NC_073240.2	13748574	13760454	-2
NC_073240.2	13757006	13768172	-3
NC_073240.2	13770504	13879080	-2
NC_073240.2	13772714	14058896	-3
NC_073240.2	13774108	13880695	-1
NC_073240.2	13879083	14060100	-2
NC_073240.2	13881718	14058904	-1
NC_073240.2	13962273	13973796	1
NC_073240.2	13994386	14007184	2
NC_073240.2	13994576	14010329	3
NC_073240.2	13994964	14005620	1
NC_073240.2	14011607	14024966	3
NC_073240.2	43502626	43512880	2
NC_073240.2	68697295	68723734	2
NC_073240.2	68697427	68721334	-1
NC_073240.2	68697428	68723738	3
NC_073240.2	68697441	68723838	1
NC_073240.2	68698173	68713110	-2
NC_073240.2	68713113	68723733	-2
NC_073242.2	99211222	99221440	-2
NC_073242.2	119013009	119024907	1
NC_073243.2	31952662	31963174	-1
NC_073244.2	6255187	6266410	-3
NC_073244.2	6255194	6266432	-2
NC_073244.2	6255255	6266448	-1
NC_073244.2	15006751	15029494	-3
NC_086017.1	1	10147	2
NC_086017.1	77	10082	3
NC_086017.1	137318519	137331521	-3
NC_086017.1	137324298	137336481	-2
NC_086017.1	137345834	137356823	-3
NC_086017.1	137349379	137360929	-1
NC_086017.1	137350197	137369193	-2
NC_086017.1	137369438	137382548	-3
NC_086017.1	137422334	137438567	-3
NC_086017.1	137438570	137450096	-3
NC_086017.1	137451439	137461858	-1
NC_086017.1	137466854	137479769	-3
NC_086017.1	137469955	137485750	-1
NC_086017.1	137470731	137481903	-2
NC_086017.1	137485753	137495776	-1
NC_086017.1	137534118	137544282	-2
NC_086017.1	137645625	137658474	-2
NC_086017.1	207349781	207366191	-3
