\BOOKMARK [1][-]{section.1}{Group 1: Single Peak at 0.33}{}% 1
\BOOKMARK [1][-]{section.2}{Group 2: Single Peak Elsewhere}{}% 2
\BOOKMARK [1][-]{section.3}{Group 3: Multiple Peaks}{}% 3
\BOOKMARK [2][-]{subsection.3.1}{SCFR\137NC\137060934.1\1371232284\1371239049}{section.3}% 4
\BOOKMARK [3][-]{subsubsection.3.1.1}{Protein: frame2}{subsection.3.1}% 5
\BOOKMARK [2][-]{subsection.3.2}{SCFR\137NC\137060934.1\137131972693\137131978090}{section.3}% 6
\BOOKMARK [3][-]{subsubsection.3.2.1}{Protein: frame-2}{subsection.3.2}% 7
\BOOKMARK [2][-]{subsection.3.3}{SCFR\137NC\137060934.1\137133769541\137133774647}{section.3}% 8
\BOOKMARK [3][-]{subsubsection.3.3.1}{Protein: frame-1}{subsection.3.3}% 9
\BOOKMARK [2][-]{subsection.3.4}{SCFR\137NC\137060934.1\13718577128\13718582279}{section.3}% 10
\BOOKMARK [3][-]{subsubsection.3.4.1}{Protein: frame-1}{subsection.3.4}% 11
\BOOKMARK [2][-]{subsection.3.5}{SCFR\137NC\137060934.1\137134091100\137134096386}{section.3}% 12
\BOOKMARK [3][-]{subsubsection.3.5.1}{Protein: frame-3}{subsection.3.5}% 13
\BOOKMARK [2][-]{subsection.3.6}{SCFR\137NC\137060934.1\137131972550\137131978775}{section.3}% 14
\BOOKMARK [3][-]{subsubsection.3.6.1}{Protein: frame-1}{subsection.3.6}% 15
\BOOKMARK [2][-]{subsection.3.7}{SCFR\137NC\137060934.1\137134060533\137134067874}{section.3}% 16
\BOOKMARK [3][-]{subsubsection.3.7.1}{Protein: frame-3}{subsection.3.7}% 17
\BOOKMARK [2][-]{subsection.3.8}{SCFR\137NC\137060934.1\1371232489\1371239410}{section.3}% 18
\BOOKMARK [3][-]{subsubsection.3.8.1}{Protein: frame3}{subsection.3.8}% 19
\BOOKMARK [2][-]{subsection.3.9}{SCFR\137NC\137060934.1\137134060672\137134067875}{section.3}% 20
\BOOKMARK [3][-]{subsubsection.3.9.1}{Protein: frame3}{subsection.3.9}% 21
\BOOKMARK [2][-]{subsection.3.10}{SCFR\137NC\137060934.1\137134060784\137134067861}{section.3}% 22
\BOOKMARK [3][-]{subsubsection.3.10.1}{Protein: frame1}{subsection.3.10}% 23
\BOOKMARK [2][-]{subsection.3.11}{SCFR\137NC\137060934.1\1371232409\1371239024}{section.3}% 24
\BOOKMARK [3][-]{subsubsection.3.11.1}{Protein: frame1}{subsection.3.11}% 25
\BOOKMARK [2][-]{subsection.3.12}{SCFR\137NC\137060934.1\137134060783\137134067989}{section.3}% 26
\BOOKMARK [3][-]{subsubsection.3.12.1}{Protein: frame-2}{subsection.3.12}% 27
\BOOKMARK [2][-]{subsection.3.13}{SCFR\137NC\137060934.1\137134091083\137134096327}{section.3}% 28
\BOOKMARK [3][-]{subsubsection.3.13.1}{Protein: frame-2}{subsection.3.13}% 29
