\BOOKMARK [1][-]{section.1}{Group 1: Single Peak at 0.33}{}% 1
\BOOKMARK [1][-]{section.2}{Group 2: Single Peak Elsewhere}{}% 2
\BOOKMARK [1][-]{section.3}{Group 3: Multiple Peaks}{}% 3
\BOOKMARK [2][-]{subsection.3.1}{SCFR\137NC\137060947.1\137359918\137366206}{section.3}% 4
\BOOKMARK [3][-]{subsubsection.3.1.1}{Protein: frame3}{subsection.3.1}% 5
\BOOKMARK [2][-]{subsection.3.2}{SCFR\137NC\137060947.1\137151659219\137151665822}{section.3}% 6
\BOOKMARK [3][-]{subsubsection.3.2.1}{Protein: frame1}{subsection.3.2}% 7
\BOOKMARK [2][-]{subsection.3.3}{SCFR\137NC\137060947.1\1373253016\1373259088}{section.3}% 8
\BOOKMARK [3][-]{subsubsection.3.3.1}{Protein: frame-3}{subsection.3.3}% 9
\BOOKMARK [2][-]{subsection.3.4}{SCFR\137NC\137060947.1\137359745\137366177}{section.3}% 10
\BOOKMARK [3][-]{subsubsection.3.4.1}{Protein: frame1}{subsection.3.4}% 11
\BOOKMARK [2][-]{subsection.3.5}{SCFR\137NC\137060947.1\1373253387\1373259066}{section.3}% 12
\BOOKMARK [3][-]{subsubsection.3.5.1}{Protein: frame-1}{subsection.3.5}% 13
\BOOKMARK [2][-]{subsection.3.6}{SCFR\137NC\137060947.1\13774174571\13774180871}{section.3}% 14
\BOOKMARK [3][-]{subsubsection.3.6.1}{Protein: frame-2}{subsection.3.6}% 15
\BOOKMARK [2][-]{subsection.3.7}{SCFR\137NC\137060947.1\1377722679\1377734679}{section.3}% 16
\BOOKMARK [3][-]{subsubsection.3.7.1}{Protein: frame2}{subsection.3.7}% 17
\BOOKMARK [2][-]{subsection.3.8}{SCFR\137NC\137060947.1\1373253152\1373259275}{section.3}% 18
\BOOKMARK [3][-]{subsubsection.3.8.1}{Protein: frame-2}{subsection.3.8}% 19
\BOOKMARK [2][-]{subsection.3.9}{SCFR\137NC\137060947.1\1377722645\1377734708}{section.3}% 20
\BOOKMARK [3][-]{subsubsection.3.9.1}{Protein: frame1}{subsection.3.9}% 21
\BOOKMARK [2][-]{subsection.3.10}{SCFR\137NC\137060947.1\137151389693\137151396119}{section.3}% 22
\BOOKMARK [3][-]{subsubsection.3.10.1}{Protein: frame-2}{subsection.3.10}% 23
\BOOKMARK [2][-]{subsection.3.11}{SCFR\137NC\137060947.1\137359725\137366202}{section.3}% 24
\BOOKMARK [3][-]{subsubsection.3.11.1}{Protein: frame2}{subsection.3.11}% 25
\BOOKMARK [2][-]{subsection.3.12}{SCFR\137NC\137060947.1\137151659503\137151665851}{section.3}% 26
\BOOKMARK [3][-]{subsubsection.3.12.1}{Protein: frame3}{subsection.3.12}% 27
\BOOKMARK [2][-]{subsection.3.13}{SCFR\137NC\137060947.1\137151659493\137151665865}{section.3}% 28
\BOOKMARK [3][-]{subsubsection.3.13.1}{Protein: frame2}{subsection.3.13}% 29
\BOOKMARK [2][-]{subsection.3.14}{SCFR\137NC\137060947.1\1377724006\1377730822}{section.3}% 30
\BOOKMARK [3][-]{subsubsection.3.14.1}{Protein: frame-3}{subsection.3.14}% 31
