\BOOKMARK [1][-]{section.1}{Group 1: Single Peak at 0.33}{}% 1
\BOOKMARK [2][-]{subsection.1.1}{SCFR\137NC\137060944.1\13765507465\13765514230}{section.1}% 2
\BOOKMARK [3][-]{subsubsection.1.1.1}{Protein: frame3}{subsection.1.1}% 3
\BOOKMARK [2][-]{subsection.1.2}{SCFR\137NC\137060944.1\13765507338\13765514148}{section.1}% 4
\BOOKMARK [3][-]{subsubsection.1.2.1}{Protein: frame2}{subsection.1.2}% 5
\BOOKMARK [2][-]{subsection.1.3}{SCFR\137NC\137060944.1\13765507362\13765514208}{section.1}% 6
\BOOKMARK [3][-]{subsubsection.1.3.1}{Protein: frame-3}{subsection.1.3}% 7
\BOOKMARK [1][-]{section.2}{Group 2: Single Peak Elsewhere}{}% 8
\BOOKMARK [1][-]{section.3}{Group 3: Multiple Peaks}{}% 9
\BOOKMARK [2][-]{subsection.3.1}{SCFR\137NC\137060944.1\1371893330\1371907433}{section.3}% 10
\BOOKMARK [3][-]{subsubsection.3.1.1}{Protein: frame-1}{subsection.3.1}% 11
\BOOKMARK [2][-]{subsection.3.2}{SCFR\137NC\137060944.1\1371893108\1371907463}{section.3}% 12
\BOOKMARK [3][-]{subsubsection.3.2.1}{Protein: frame1}{subsection.3.2}% 13
\BOOKMARK [2][-]{subsection.3.3}{SCFR\137NC\137060944.1\1371893422\1371907585}{section.3}% 14
\BOOKMARK [3][-]{subsubsection.3.3.1}{Protein: frame-2}{subsection.3.3}% 15
\BOOKMARK [2][-]{subsection.3.4}{SCFR\137NC\137060944.1\1371893379\1371907482}{section.3}% 16
\BOOKMARK [3][-]{subsubsection.3.4.1}{Protein: frame2}{subsection.3.4}% 17
\BOOKMARK [2][-]{subsection.3.5}{SCFR\137NC\137060944.1\1371893398\1371907567}{section.3}% 18
\BOOKMARK [3][-]{subsubsection.3.5.1}{Protein: frame3}{subsection.3.5}% 19
\BOOKMARK [2][-]{subsection.3.6}{SCFR\137NC\137060944.1\1371893463\1371907521}{section.3}% 20
\BOOKMARK [3][-]{subsubsection.3.6.1}{Protein: frame-3}{subsection.3.6}% 21
