NC_072373.2	3800	12758	-2
NC_072373.2	3801	12765	1
NC_072373.2	4033	12745	-3
NC_072373.2	4034	12746	3
NC_072373.2	98060351	98070545	3
NC_072373.2	98106582	98117661	1
NC_072373.2	98175287	98187518	3
NC_072373.2	215094487	215102887	-3
NC_072373.2	230789979	230798040	-1
NC_072376.2	199870073	199880873	3
NC_072376.2	199870082	199880756	-3
NC_072376.2	199870101	199880838	1
NC_072376.2	199870135	199880899	2
NC_072376.2	199870176	199880916	-2
NC_072376.2	199870183	199880812	-1
NC_072377.2	83412036	83422569	1
NC_072378.2	23827356	23839515	-1
NC_072378.2	23827732	23839525	-3
NC_072378.2	23827802	23836421	-2
NC_072378.2	25586883	25599510	1
NC_072378.2	25586953	25599583	2
NC_072378.2	25586972	25599479	3
NC_072378.2	169658001	169672956	1
NC_072378.2	169658006	169672799	3
NC_072378.2	169658053	169673170	2
NC_072379.2	10084011	10095126	1
NC_072379.2	10114819	10129846	2
NC_072379.2	10129849	10170319	2
NC_072379.2	10200553	10224523	2
NC_072379.2	10250285	10260395	3
NC_072380.2	355	8248	-2
NC_072380.2	356	8249	3
NC_072380.2	10198453	10206115	2
NC_072380.2	156855389	156865916	-1
NC_072380.2	158143765	158151802	-2
NC_072380.2	158143766	158151803	3
NC_072380.2	158144199	158151807	-3
NC_072380.2	158144200	158151808	2
NC_072381.2	1899525	1907898	-1
NC_072381.2	1899593	1907948	3
NC_072381.2	1899672	1908033	1
NC_072381.2	82508993	82516877	3
NC_072381.2	137690549	137701628	3
NC_072381.2	137690870	137701595	-2
NC_072381.2	137690992	137701819	2
NC_072381.2	137691013	137701645	-3
NC_072381.2	139192589	139202909	-2
NC_072381.2	139192782	139202910	1
NC_072381.2	139193692	139202737	-3
NC_072381.2	139193693	139202738	3
NC_072382.2	1420	11122	-3
NC_072382.2	1421	11123	3
NC_072382.2	935318	949838	-2
NC_072382.2	1022942	1033265	3
NC_072382.2	1025131	1033018	2
NC_072382.2	1114086	1128324	1
NC_072382.2	1176157	1190443	2
NC_072382.2	1179957	1187493	-1
NC_072382.2	12238690	12256762	2
NC_072383.2	37950661	37962124	2
NC_072383.2	108019915	108028492	-2
NC_072383.2	108287585	108295184	3
NC_072383.2	108288361	108296605	2
NC_072383.2	132175485	132184293	-3
NC_072383.2	132175486	132184294	2
NC_072383.2	132175504	132184300	-2
NC_072383.2	132175505	132184301	3
NC_072384.2	1565	11657	-3
NC_072384.2	1566	11799	1
NC_072384.2	2056	10549	-1
NC_072384.2	2057	12413	3
NC_072384.2	66809044	66818458	2
NC_072384.2	78236099	78253337	-3
NC_072384.2	85676022	85685082	1
NC_072384.2	85687170	85696620	1
NC_072384.2	141461688	141472056	1
NC_072384.2	141461759	141472808	3
NC_072384.2	141463459	141472567	2
NC_072384.2	143250914	143260766	3
NC_072384.2	143251000	143260765	-1
NC_072384.2	143251163	143260046	-3
NC_072384.2	143251638	143260041	1
NC_072385.2	2813	11108	3
NC_072385.2	7756602	7765911	1
NC_072385.2	12844475	12852515	-1
NC_072385.2	15436744	15444946	-2
NC_072385.2	103639377	103650225	-3
NC_072385.2	103639411	103650247	-2
NC_072385.2	103639424	103650215	-1
NC_072385.2	106371603	106388343	-3
NC_072385.2	112930620	112938231	1
NC_072386.2	2993540	3001250	3
NC_072386.2	7604269	7611958	2
NC_072386.2	21903940	21912673	-3
NC_072387.2	1318	12442	-1
NC_072387.2	1319	12437	3
NC_072387.2	4113	12426	-2
NC_072387.2	4114	12556	2
NC_072387.2	4312713	4320423	1
NC_072387.2	8887981	8895658	2
NC_072387.2	29558265	29569824	-2
NC_072387.2	112663079	112684070	-3
NC_072388.2	11010	18948	-1
NC_072388.2	11011	19405	2
NC_072388.2	9002867	9010805	-2
NC_072388.2	104093834	104110223	-2
NC_072389.2	47916144	47926380	1
NC_072389.2	48738259	48746929	2
NC_072390.2	5555	15794	-2
NC_072390.2	5556	15858	1
NC_072390.2	7543	15736	-3
NC_072390.2	7544	15842	3
NC_072391.2	10915	20746	-2
NC_072391.2	10916	20747	3
NC_072391.2	5548707	5558754	-3
NC_072391.2	5548805	5558828	3
NC_072391.2	5548816	5558665	2
NC_072391.2	5582139	5593644	-3
NC_072391.2	5582237	5593718	3
NC_072391.2	5582248	5593555	2
NC_072391.2	6116519	6124562	3
NC_072391.2	6702588	6711516	1
NC_072391.2	6702992	6711353	3
NC_072391.2	6703024	6711442	-2
NC_072391.2	85736291	85748282	3
NC_072393.2	4562511	4577508	1
NC_072393.2	4567480	4575133	2
NC_072393.2	4574201	4582085	3
NC_072393.2	9195524	9212183	-3
NC_072393.2	9216467	9226130	-3
NC_072394.2	0	32328	-1
NC_072394.2	1	32380	2
NC_072394.2	922	31264	-3
NC_072394.2	923	31265	3
NC_072395.2	57348945	57356934	-3
NC_072396.2	1583184	1593345	1
NC_072396.2	1583194	1593295	-2
NC_072396.2	47869482	47877507	1
NC_072396.2	105532876	105540388	2
NC_072397.2	5037707	5054327	3
NC_072397.2	5038917	5054298	1
NC_072397.2	5103457	5111317	2
NC_072397.2	5395367	5403227	-1
NC_085930.1	209427278	209434949	-3
NC_085930.1	209427279	209434950	1
NC_085930.1	209427322	209435518	-1
NC_085930.1	209427323	209435519	3
NC_085931.1	178	9130	-2
NC_085931.1	179	9143	3
NC_085931.1	20088333	20097567	1
