NC_072398.2	169	10204	-3
NC_072398.2	170	10628	3
NC_072398.2	246	10218	-1
NC_072398.2	247	10237	2
NC_072398.2	96882521	96894578	3
NC_072398.2	96981866	96993533	3
NC_072398.2	215268598	215276956	-3
NC_072401.2	695163	702972	1
NC_072401.2	701927	711383	3
NC_072401.2	191661956	191669498	-2
NC_072402.2	49	11809	-3
NC_072402.2	50	11810	3
NC_072402.2	866	11639	-2
NC_072402.2	867	11640	1
NC_072402.2	36308310	36318840	-1
NC_072402.2	178653648	178662882	-1
NC_072402.2	178653748	178662853	-3
NC_072402.2	178653926	178662845	-2
NC_072404.2	5942956	5951236	-1
NC_072404.2	6405120	6412713	-2
NC_072404.2	6405143	6413150	-3
NC_072404.2	6405196	6412963	-1
NC_072404.2	6937054	6946003	2
NC_072404.2	110413448	110424182	3
NC_072404.2	110442616	110484883	2
NC_072404.2	110514270	110538945	1
NC_072404.2	110564460	110591907	1
NC_072404.2	173440323	173450298	1
NC_072405.2	8762241	8769768	-3
NC_072405.2	153983869	153993580	-2
NC_072405.2	153983907	153993666	-3
NC_072405.2	153983993	153993728	-1
NC_072405.2	154223138	154232111	-1
NC_072406.2	72337248	72345126	-3
NC_072407.2	15	10503	-1
NC_072407.2	16	10504	2
NC_072407.2	415	10516	-3
NC_072407.2	416	10517	3
NC_072407.2	5251273	5266057	-3
NC_072407.2	5341311	5351793	1
NC_072407.2	5343275	5351081	-2
NC_072407.2	5431171	5443480	2
NC_072407.2	5492289	5508435	1
NC_072407.2	7340106	7349721	-1
NC_072407.2	7340176	7349668	-3
NC_072407.2	7340300	7349729	-2
NC_072407.2	64830651	64848159	-1
NC_072408.2	55382236	55394629	-2
NC_072408.2	138410764	138420049	2
NC_072408.2	138412260	138420138	1
NC_072408.2	139075662	139085154	1
NC_072409.2	660	9564	1
NC_072409.2	665	9563	-2
NC_072409.2	1036	9199	-3
NC_072409.2	1037	11111	3
NC_072409.2	2599482	2608842	-1
NC_072409.2	2599762	2608933	-3
NC_072409.2	80676561	80685387	-1
NC_072410.2	95277515	95293250	-3
NC_072410.2	101866088	101873753	3
NC_072410.2	120862920	120874362	-2
NC_072410.2	120862925	120874493	-3
NC_072410.2	120862939	120874378	-1
NC_072410.2	122843980	122852263	-1
NC_072410.2	122843981	122852264	3
NC_072410.2	122843993	122852018	-3
NC_072410.2	122843994	122852019	1
NC_072411.2	937	8485	2
NC_072411.2	942	8484	-2
NC_072411.2	14510521	14518579	-1
NC_072411.2	14510549	14518523	-3
NC_072411.2	14510581	14518471	2
NC_072411.2	14510603	14518436	3
NC_072411.2	14510607	14518467	1
NC_072411.2	69260076	69269484	1
NC_072411.2	80589769	80607007	-1
NC_072411.2	87816715	87825733	2
NC_072411.2	87827863	87837319	2
NC_072411.2	144465334	144476758	-1
NC_072411.2	144465335	144476759	3
NC_072412.2	459	10710	-3
NC_072412.2	460	10711	2
NC_072412.2	488	10613	-1
NC_072412.2	489	10614	1
NC_072412.2	22520658	22532217	-3
NC_072412.2	108342188	108363185	-1
NC_072413.2	0	7681	-2
NC_072413.2	2	7652	3
NC_072413.2	102980878	102995764	-2
NC_072414.2	34658704	34668958	2
NC_072414.2	35499028	35507797	2
NC_072416.2	86606069	86617958	3
NC_072416.2	87196907	87205628	3
NC_072416.2	87196920	87205575	1
NC_072417.2	0	9136	-1
NC_072417.2	0	9285	-2
NC_072417.2	1	9262	2
NC_072417.2	2	9137	3
NC_072417.2	11552456	11559989	-3
NC_072418.2	11724010	11746741	-3
NC_072418.2	11750991	11760702	-1
NC_072418.2	61478466	61488516	1
NC_072419.2	5967	16329	-2
NC_072419.2	5968	16330	2
NC_072420.2	759	10962	-2
NC_072420.2	760	10879	2
NC_072420.2	764	10871	-3
NC_072420.2	765	10872	1
NC_072421.2	1352923	1367350	-2
NC_072421.2	1353020	1367336	-1
NC_072421.2	1353087	1367346	-3
NC_072421.2	1353172	1362571	2
NC_072421.2	1353281	1365893	3
NC_072421.2	1356963	1367256	1
NC_072422.2	33985409	33994241	3
NC_072422.2	33985464	33994323	1
NC_072422.2	35287088	35295107	-2
NC_072422.2	35287361	35295359	3
NC_072422.2	35287365	35295195	1
NC_072422.2	35287375	35295262	2
NC_086015.1	198968913	198978465	-2
