NC_072423.2	37	11296	2
NC_072423.2	51	11295	-2
NC_072423.2	4127	13097	-3
NC_072423.2	4128	13098	1
NC_072423.2	91112305	91130197	-1
NC_072423.2	102051116	102061079	-3
NC_072423.2	167641908	167651931	-2
NC_072423.2	167641909	167651932	2
NC_072423.2	167643224	167653856	-3
NC_072423.2	167643225	167653857	1
NC_072424.2	1203	13038	-1
NC_072424.2	1204	13039	2
NC_072424.2	1568	12965	-2
NC_072424.2	1569	12966	1
NC_072424.2	10315458	10323864	1
NC_072425.2	2125	10321	-2
NC_072425.2	2126	10322	3
NC_072425.2	2724	13113	-3
NC_072425.2	2725	13114	2
NC_072425.2	86145657	86156364	1
NC_072425.2	160041992	160053038	-1
NC_072425.2	160041993	160053039	1
NC_072425.2	160042143	160053174	-3
NC_072425.2	160042144	160053169	2
NC_072426.2	0	8665	-1
NC_072426.2	0	8720	-3
NC_072426.2	0	8721	1
NC_072426.2	2	8666	3
NC_072426.2	34502339	34510217	-3
NC_072426.2	167239072	167250001	-1
NC_072426.2	167239073	167250002	3
NC_072426.2	167239211	167249138	-3
NC_072426.2	167239212	167249139	1
NC_072427.2	129142782	129151107	-2
NC_072427.2	129980579	129990821	-3
NC_072427.2	161694177	161704566	-2
NC_072427.2	161694178	161704567	2
NC_072427.2	161694184	161703109	-1
NC_072427.2	161694185	161703104	3
NC_072429.2	1356	11205	-1
NC_072429.2	1357	11206	2
NC_072429.2	1764	11199	1
NC_072429.2	1769	11198	-2
NC_072429.2	142680906	142691427	-1
NC_072430.2	674	10388	-1
NC_072430.2	675	10389	1
NC_072430.2	811	10456	2
NC_072430.2	816	10455	-3
NC_072430.2	12256925	12271832	3
NC_072430.2	82645483	82662652	-2
NC_072430.2	89908106	89917178	3
NC_072430.2	89919294	89928762	1
NC_072430.2	153280126	153289372	-2
NC_072430.2	153280127	153289373	3
NC_072430.2	153280257	153291897	-3
NC_072430.2	153280258	153291898	2
NC_072431.2	34100485	34109899	-1
NC_072431.2	59300618	59313044	3
NC_072431.2	59331933	59369352	1
NC_072431.2	59397519	59409645	1
NC_072431.2	59434414	59447518	2
NC_072431.2	73427017	73434565	2
NC_072431.2	73463077	73471240	2
NC_072431.2	73473386	73492376	3
NC_072431.2	73854899	73866491	-3
NC_072431.2	97794432	97802028	-2
NC_072431.2	97794469	97802284	-1
NC_072431.2	109549835	109558565	-3
NC_072433.2	1798	13666	-1
NC_072433.2	1799	13667	3
NC_072433.2	4124	13673	-3
NC_072433.2	4125	13674	1
NC_072433.2	67270836	67281090	1
NC_072433.2	133900369	133912264	2
NC_072433.2	142576030	142584793	-1
NC_072433.2	142576031	142584794	3
NC_072433.2	142577574	142585212	-2
NC_072433.2	142577575	142585213	2
NC_072434.2	1669	9376	-2
NC_072434.2	1670	9377	3
NC_072434.2	21813941	21821579	-1
NC_072435.2	35210777	35232653	-1
NC_072435.2	35237292	35246931	-3
NC_072436.2	124951166	124961546	-2
NC_072436.2	124951167	124961547	1
NC_072436.2	124951297	124960594	-3
NC_072436.2	124951298	124960595	3
NC_072437.2	1476	10929	-2
NC_072437.2	1477	10930	2
NC_072437.2	17553444	17571741	1
NC_072437.2	70465352	70476911	3
NC_072437.2	120300020	120310838	-3
NC_072437.2	120300021	120310839	1
NC_072437.2	120300027	120311058	-2
NC_072437.2	120300028	120311059	2
NC_072438.2	4901	13502	-3
NC_072438.2	4902	13503	1
NC_072439.2	2712	10515	-1
NC_072439.2	2713	10516	2
NC_072439.2	41451441	41460963	1
NC_072439.2	41451578	41460950	-2
NC_072439.2	106244456	106255763	-2
NC_072439.2	106244457	106255764	1
NC_072439.2	106244535	106255398	-1
NC_072439.2	106244536	106255399	2
NC_072440.2	84628847	84645497	-2
NC_072440.2	91279308	91286973	1
NC_072441.2	158	11927	3
NC_072441.2	208	11956	-2
NC_072441.2	441	11973	-3
NC_072441.2	442	11914	2
NC_072441.2	80570022	80586390	-3
NC_072441.2	80644604	80661518	-1
NC_072441.2	146695433	146713406	-1
NC_072441.2	146695434	146713407	1
NC_072441.2	146697192	146706765	-3
NC_072441.2	146697193	146706766	2
NC_072442.2	72967619	72975500	-3
NC_072442.2	72967620	72975501	1
NC_072443.2	36411550	36419173	-2
NC_072443.2	36413199	36425472	-3
NC_072443.2	85711259	85724189	-1
NC_072443.2	85809717	85819155	-3
NC_072443.2	85892640	85907559	1
NC_072443.2	95081058	95091126	-3
NC_072443.2	95081059	95091127	2
NC_072443.2	95081159	95092469	-1
NC_072443.2	95081160	95092470	1
NC_072444.2	21437970	21446376	-1
NC_072444.2	24528065	24535631	-2
NC_072445.2	4211	13022	-3
NC_072445.2	4212	13023	1
NC_072445.2	5550	13683	-2
NC_072445.2	5551	13684	2
NC_072445.2	78301740	78309384	-2
NC_072445.2	78301741	78309385	2
NC_072446.2	79415333	79423268	-3
NC_072446.2	79415334	79423269	1
NC_072446.2	79415340	79423125	-2
NC_072447.2	158205435	158213472	1
NC_072447.2	158205572	158215793	3
NC_072447.2	165562296	165571041	-3
NC_072447.2	165562297	165571042	2
NC_072448.2	7243394	7270601	-3
NC_072448.2	7243476	7270779	1
NC_072448.2	7243525	7270459	-1
NC_072448.2	7243611	7270485	-2
NC_072448.2	7243625	7270745	3
NC_072448.2	7243639	7270552	2
