NC_073224.2	104436844	104446375	2
NC_073224.2	104483886	104495943	1
NC_073224.2	104581524	104592423	1
NC_073224.2	224250802	224259397	-1
NC_073224.2	240353964	240361575	1
NC_073227.2	81548573	81565604	-2
NC_073227.2	81618830	81631871	-2
NC_073227.2	81964890	81981921	-1
NC_073227.2	82037244	82050285	-1
NC_073227.2	82060706	82068848	-2
NC_073227.2	82171006	82194967	-3
NC_073227.2	82240020	82255974	-1
NC_073227.2	82280244	82308024	-1
NC_073227.2	82341147	82348824	-1
NC_073227.2	82352844	82361400	-1
NC_073227.2	82364369	82375700	-2
NC_073227.2	84719664	84730830	-1
NC_073227.2	84730778	84741152	-2
NC_073227.2	84751778	84766976	-2
NC_073227.2	84782602	84795130	-3
NC_073227.2	84827784	84836982	-1
NC_073227.2	84845676	84861819	-1
NC_073227.2	84864309	84876120	-1
NC_073227.2	85089029	85108370	-2
NC_073227.2	85150962	85160232	-1
NC_073227.2	87318728	87326675	-2
NC_073227.2	87333594	87342531	-1
NC_073228.2	3980	11498	3
NC_073228.2	158858669	158868704	3
NC_073228.2	158859195	158868738	1
NC_073228.2	158859259	158868676	2
NC_073229.2	615	8445	-3
NC_073229.2	616	8446	2
NC_073229.2	191756350	191770492	-2
NC_073229.2	191756409	191770125	-3
NC_073229.2	191756441	191770418	-1
NC_073229.2	199443150	199451427	-3
NC_073229.2	199443151	199451428	2
NC_073229.2	199443391	199451260	-2
NC_073229.2	199443392	199451261	3
NC_073230.2	8362632	8370786	1
NC_073230.2	8362730	8370698	-1
NC_073230.2	8363013	8370960	-3
NC_073230.2	87646410	87673767	-3
NC_073230.2	87697258	87740314	-2
NC_073230.2	87770041	87793822	-2
NC_073230.2	87793422	87815400	-3
NC_073230.2	87833989	87843982	-2
NC_073230.2	164188677	164197260	1
NC_073230.2	164199720	164211564	1
NC_073230.2	170793268	170800978	2
NC_073230.2	170793315	170800977	-3
NC_073231.2	13314428	13322057	3
NC_073231.2	149710997	149727908	-3
NC_073231.2	149711021	149721230	3
NC_073232.2	55668237	55676118	1
NC_073232.2	144213744	144223725	1
NC_073232.2	144214245	144223587	-2
NC_073232.2	144214505	144222680	-3
NC_073232.2	144215822	144223736	3
NC_073233.2	583	8767	-2
NC_073233.2	584	8768	3
NC_073233.2	1465	9133	2
NC_073233.2	1470	9132	-3
NC_073233.2	7462739	7476872	-1
NC_073233.2	7549030	7557646	2
NC_073233.2	7640486	7654049	3
NC_073233.2	7703066	7715603	3
NC_073233.2	17639276	17663846	3
NC_073233.2	17639302	17663854	2
NC_073233.2	17639316	17663802	-3
NC_073233.2	17639321	17663885	-1
NC_073233.2	17639341	17663782	-2
NC_073233.2	17639364	17663817	1
NC_073233.2	70434983	70452491	-1
NC_073233.2	143512737	143520636	-3
NC_073233.2	143597515	143608078	-2
NC_073234.2	60790981	60802768	-2
NC_073234.2	60790982	60799271	3
NC_073234.2	146051227	146059474	2
NC_073234.2	146051436	146059089	1
NC_073234.2	146051453	146059319	3
NC_073235.2	69716140	69725548	2
NC_073235.2	81030956	81048194	-2
NC_073235.2	88232227	88241236	2
NC_073235.2	88243368	88252827	1
NC_073236.2	18460955	18847313	-3
NC_073236.2	18461034	18586215	-2
NC_073236.2	18461140	19049575	-1
NC_073236.2	18521804	18540476	3
NC_073236.2	18541138	18553663	2
NC_073236.2	18541485	18554649	1
NC_073236.2	18556250	18567926	3
NC_073236.2	18569653	18579052	2
NC_073236.2	18573687	18581553	1
NC_073236.2	18581556	18597183	1
NC_073236.2	18586218	19032354	-2
NC_073236.2	18586219	18594598	2
NC_073236.2	18592775	18616097	3
NC_073236.2	18602130	18609711	1
NC_073236.2	18612690	18621318	1
NC_073236.2	18618668	18629369	3
NC_073236.2	18622903	18631954	2
NC_073236.2	18627546	18639555	1
NC_073236.2	18634724	18644291	3
NC_073236.2	18639690	18648291	1
NC_073236.2	18673940	18688697	3
NC_073236.2	18683053	18691570	2
NC_073236.2	18689988	18701328	1
NC_073236.2	18707651	18718583	3
NC_073236.2	18710575	18719227	2
NC_073236.2	18717834	18729276	1
NC_073236.2	18807499	18817717	2
NC_073236.2	18847316	18977078	-3
NC_073236.2	18868818	18887247	1
NC_073236.2	18873340	18912373	2
NC_073236.2	18878117	18890426	3
NC_073236.2	18887382	18911676	1
NC_073236.2	18900044	18909755	3
NC_073236.2	18910421	18925187	3
NC_073236.2	18913384	18924823	2
NC_073236.2	18924826	18973396	2
NC_073236.2	18929280	18969027	1
NC_073236.2	18932732	18969911	3
NC_073236.2	18969030	18977079	1
NC_073236.2	18974266	18984871	2
NC_073236.2	18977081	19025996	-3
NC_073236.2	18977394	18992334	1
NC_073236.2	18988427	18996566	3
NC_073236.2	18992116	19003213	2
NC_073236.2	18996569	19009145	3
NC_073236.2	19009148	19018631	3
NC_073236.2	19009369	19018852	2
NC_073236.2	19010625	19020108	1
NC_073236.2	19029263	19042622	-3
NC_073236.2	19036794	19046175	-2
NC_073236.2	19042625	19058126	-3
NC_073236.2	19046178	19081059	-2
NC_073236.2	19048095	19058127	1
NC_073236.2	19055167	19062814	2
NC_073236.2	19055188	19063804	-1
NC_073236.2	19059965	19068989	-3
NC_073236.2	19065643	19073290	-1
NC_073236.2	19068992	19076537	-3
NC_073236.2	19076540	19099589	-3
NC_073236.2	19079566	19106236	-1
NC_073236.2	19099592	19107749	-3
NC_073236.2	19107752	19139135	-3
NC_073236.2	19108908	19119870	-2
NC_073236.2	19113328	19287679	-1
NC_073236.2	19119873	19172223	-2
NC_073236.2	19139138	19176983	-3
NC_073236.2	19160282	19170887	3
NC_073236.2	19164753	19176456	1
NC_073236.2	19178703	19287357	-2
NC_073236.2	19182548	19191698	3
NC_073236.2	19183310	19287365	-3
NC_073236.2	19183311	19257468	1
NC_073236.2	19190800	19275301	2
NC_073236.2	19191956	19215290	3
NC_073236.2	19215293	19254029	3
NC_073236.2	19261415	19270775	3
NC_073236.2	19270778	19286483	3
NC_073236.2	19271496	19279836	1
NC_073236.2	20055615	20205381	-2
NC_073236.2	20055694	20154544	-1
NC_073236.2	20055800	20216210	-3
NC_073236.2	20061346	20074342	2
NC_073236.2	20062689	20074824	1
NC_073236.2	20066009	20074586	3
NC_073236.2	20074827	20092686	1
NC_073236.2	20076170	20091428	3
NC_073236.2	20079490	20093383	2
NC_073236.2	20091431	20100770	3
NC_073236.2	20094270	20104128	1
NC_073236.2	20094394	20106148	2
NC_073236.2	20106027	20150913	1
NC_073236.2	20106151	20150029	2
NC_073236.2	20113853	20154545	3
NC_073236.2	20151783	20161980	1
NC_073236.2	20154547	20222041	-1
NC_073236.2	20156611	20167165	2
NC_073236.2	20161983	20173368	1
NC_073236.2	20166947	20187137	3
NC_073236.2	20167168	20176258	2
NC_073236.2	20181004	20192848	2
NC_073236.2	20187140	20200328	3
NC_073236.2	20192851	20201584	2
NC_073236.2	20205809	20213741	3
NC_073236.2	20211759	20242713	-2
NC_073236.2	20216213	20225594	-3
NC_073236.2	20225597	20237528	-3
NC_073236.2	20227497	20237529	1
NC_073236.2	20234569	20242714	2
NC_073236.2	20234590	20247031	-1
NC_073236.2	20239367	20250278	-3
NC_073236.2	20242716	20254800	-2
NC_073236.2	20250281	20273942	-3
NC_073236.2	20253307	20277223	-1
NC_073236.2	20261480	20270351	3
NC_073236.2	20265972	20299017	-2
NC_073236.2	20277226	20292370	-1
NC_073236.2	20280626	20289089	-3
NC_073236.2	20292373	20300530	-1
NC_073236.2	20299020	20312634	-2
NC_073236.2	20300533	20513077	-1
NC_073236.2	20306126	20353712	-3
NC_073236.2	20312637	20331198	-2
NC_073236.2	20333598	20356551	-2
NC_073236.2	20344916	20354702	3
NC_073236.2	20353715	20510927	-3
NC_073236.2	20358339	20510919	-2
NC_073236.2	20358340	20402653	2
NC_073236.2	20362922	20444732	3
NC_073236.2	20364078	20412699	1
NC_073236.2	20402656	20443735	2
NC_073236.2	20412702	20428050	1
NC_073236.2	20428053	20465889	1
NC_073236.2	20443738	20501890	2
NC_073236.2	20444735	20459378	3
NC_073236.2	20459381	20474693	3
NC_073236.2	20465892	20493519	1
NC_073236.2	20474696	20497661	3
NC_073236.2	20493537	20504793	1
NC_073236.2	20498309	20509073	3
NC_073236.2	20527465	20641495	-1
NC_073236.2	20528097	20589384	-2
NC_073236.2	20528105	20658155	-3
NC_073236.2	20528138	20535797	3
NC_073236.2	20529297	20539155	1
NC_073236.2	20529421	20541352	2
NC_073236.2	20540867	20585753	3
NC_073236.2	20540991	20584869	1
NC_073236.2	20548693	20589385	2
NC_073236.2	20588615	20596820	3
NC_073236.2	20589387	20652324	-2
NC_073236.2	20591451	20602650	1
NC_073236.2	20600546	20612372	3
NC_073236.2	20602653	20623251	1
NC_073236.2	20617118	20628962	3
NC_073236.2	20623254	20636442	1
NC_073236.2	20628965	20637698	3
NC_073236.2	20641923	20649855	1
NC_073236.2	20647873	20678827	-1
NC_073236.2	20652327	20661708	-2
NC_073236.2	20661711	20673642	-2
NC_073236.2	20663611	20673643	2
NC_073236.2	20670683	20678828	3
NC_073236.2	20670704	20683145	-3
NC_073236.2	20675481	20686392	-2
NC_073236.2	20678830	20690914	-1
NC_073236.2	20686395	20710056	-2
NC_073236.2	20689421	20713337	-3
NC_073236.2	20697594	20706465	1
NC_073236.2	20702086	20735131	-1
NC_073236.2	20713340	20728484	-3
NC_073236.2	20716740	20725203	-2
NC_073236.2	20728487	20736644	-3
NC_073236.2	20735134	20748748	-1
NC_073236.2	20736647	20941634	-3
NC_073236.2	20742240	20789826	-2
NC_073236.2	20748751	20767312	-1
NC_073236.2	20769712	20792665	-1
NC_073236.2	20781030	20790816	1
NC_073236.2	20789829	20939484	-2
NC_073236.2	20794453	20939476	-1
NC_073236.2	20794454	20878304	3
NC_073236.2	20799036	20846271	1
NC_073236.2	20800192	20836225	2
NC_073236.2	20836228	20877307	2
NC_073236.2	20846274	20861622	1
NC_073236.2	20861625	20894208	1
NC_073236.2	20877310	20908543	2
NC_073236.2	20878307	20886779	3
NC_073236.2	20887700	20903012	3
NC_073236.2	20894211	20926218	1
NC_073236.2	20903015	20930447	3
NC_073236.2	20908546	20922076	2
NC_073236.2	20922094	20933350	2
NC_073236.2	20926866	20937630	1
NC_073236.2	112334532	112350717	-2
NC_073236.2	118912846	118920511	2
NC_073237.2	27666313	27675031	-1
NC_073238.2	20446346	21252449	-2
NC_073238.2	20446425	21254472	-1
NC_073238.2	20446531	20657170	-3
NC_073238.2	20629240	20637448	2
NC_073238.2	20637451	20646475	2
NC_073238.2	20657173	21007348	-3
NC_073238.2	20659330	20667538	2
NC_073238.2	20662458	20683620	1
NC_073238.2	20665433	20673386	3
NC_073238.2	20684524	20708695	2
NC_073238.2	20700657	20709324	1
NC_073238.2	20731886	20739941	3
NC_073238.2	20737836	20745942	1
NC_073238.2	20778840	20795208	1
NC_073238.2	20780506	20788714	2
NC_073238.2	20788445	20796857	3
NC_073238.2	20814931	20823037	2
NC_073238.2	20817965	20829854	3
NC_073238.2	20825029	20835532	2
NC_073238.2	20825292	20836620	1
NC_073238.2	20830520	20841380	3
NC_073238.2	20867040	20876250	1
NC_073238.2	20905150	20913511	2
NC_073238.2	20914627	20924476	2
NC_073238.2	20961488	20969492	3
NC_073238.2	20980307	20987852	3
NC_073238.2	21007351	21249865	-3
NC_073238.2	21053152	21066613	2
NC_073238.2	21243604	21252781	2
NC_073238.2	21254475	21273954	-1
NC_073238.2	21257782	21268591	2
NC_073238.2	21269299	21285259	-3
NC_073238.2	21272648	21292127	-2
NC_073238.2	21273957	21286296	-1
NC_073238.2	21286299	21304401	-1
NC_073238.2	21290821	21300457	-3
NC_073238.2	21292130	21306845	-2
NC_073238.2	21309413	21319631	-2
NC_073238.2	21310048	21319639	-3
NC_073238.2	21322719	21448506	-1
NC_073238.2	21325206	21409380	1
NC_073238.2	21325277	21432329	-2
NC_073238.2	21325282	21399403	2
NC_073238.2	21325285	21448498	-3
NC_073238.2	21333230	21374105	3
NC_073238.2	21374108	21400331	3
NC_073238.2	21400487	21421394	3
NC_073238.2	21406471	21421924	2
NC_073238.2	21409383	21420792	1
NC_073238.2	21432332	21454379	-2
NC_073238.2	21448501	21461527	-3
NC_073238.2	21454374	21468369	-1
NC_073238.2	21461522	21474863	-2
NC_073238.2	21468372	21496734	-1
NC_073238.2	21474866	21502550	-2
NC_073238.2	21474874	21501562	-3
NC_073238.2	37643010	37654569	-1
NC_073238.2	117449469	117470463	-1
NC_073239.2	61701880	61709764	2
NC_073239.2	61711788	61719360	1
NC_073239.2	121851275	121863776	3
NC_073239.2	121851312	121863879	1
NC_073239.2	121851316	121863820	2
NC_073239.2	121936319	121953572	-2
NC_073240.2	13140813	13325778	-2
NC_073240.2	13140892	13326112	-1
NC_073240.2	13140998	13325723	-3
NC_073240.2	13307784	13316655	1
NC_073240.2	13372978	13750747	-1
NC_073240.2	13373057	13749047	-3
NC_073240.2	13373163	13748571	-2
NC_073240.2	13555650	13564215	1
NC_073240.2	13606973	13615232	3
NC_073240.2	13679087	13687397	3
NC_073240.2	13717456	13728520	2
NC_073240.2	13736649	13745112	1
NC_073240.2	13748574	13760454	-2
NC_073240.2	13757006	13768172	-3
NC_073240.2	13770504	13879080	-2
NC_073240.2	13772714	14058896	-3
NC_073240.2	13774108	13880695	-1
NC_073240.2	13879083	14060100	-2
NC_073240.2	13881718	14058904	-1
NC_073240.2	13955864	13963613	3
NC_073240.2	13961821	13971739	2
NC_073240.2	13962273	13973796	1
NC_073240.2	13975788	13984659	1
NC_073240.2	13977947	13987124	3
NC_073240.2	13978525	13986988	2
NC_073240.2	13986294	13994961	1
NC_073240.2	13994386	14007184	2
NC_073240.2	13994576	14010329	3
NC_073240.2	13994964	14005620	1
NC_073240.2	14011607	14024966	3
NC_073240.2	43502626	43512880	2
NC_073240.2	44333194	44341867	2
NC_073240.2	68697295	68723734	2
NC_073240.2	68697427	68721334	-1
NC_073240.2	68697428	68723738	3
NC_073240.2	68697441	68723838	1
NC_073240.2	68698173	68713110	-2
NC_073240.2	68703836	68712935	-3
NC_073240.2	68713113	68723733	-2
NC_073240.2	68713130	68721290	-3
NC_073241.2	1526	11213	-3
NC_073241.2	1527	11160	1
NC_073241.2	2557	11068	-1
NC_073241.2	2558	11069	3
NC_073242.2	970	9262	-2
NC_073242.2	971	9263	3
NC_073242.2	1738	9391	2
NC_073242.2	1743	9396	-3
NC_073242.2	15563159	15571457	3
NC_073242.2	16322412	16330200	-3
NC_073242.2	21074338	21082198	-2
NC_073242.2	22128305	22136063	3
NC_073242.2	26968243	26976550	-2
NC_073242.2	28370407	28379173	-2
NC_073242.2	28995258	29003547	-3
NC_073242.2	29452062	29461818	1
NC_073242.2	29454103	29462050	-2
NC_073242.2	29864931	29873196	-3
NC_073242.2	30589006	30597979	2
NC_073242.2	31452455	31462022	3
NC_073242.2	32148255	32156904	-3
NC_073242.2	35228067	35236812	-3
NC_073242.2	35555650	35563366	-2
NC_073242.2	35962701	35971449	-3
NC_073242.2	99211222	99221440	-2
NC_073242.2	99634442	99643478	-1
NC_073242.2	104325084	104334585	1
NC_073242.2	104887486	104896507	2
NC_073242.2	119013009	119024907	1
NC_073243.2	738	8973	-2
NC_073243.2	739	10516	2
NC_073243.2	2698	10507	-1
NC_073243.2	2699	10406	3
NC_073243.2	31952662	31963174	-1
NC_073244.2	6255187	6266410	-3
NC_073244.2	6255194	6266432	-2
NC_073244.2	6255255	6266448	-1
NC_073244.2	15006751	15029494	-3
NC_073244.2	15033826	15043543	-3
NC_073246.2	59499021	59507247	-2
NC_073246.2	59499022	59507248	2
NC_073247.2	1236	8874	-3
NC_073247.2	1237	9019	2
NC_073247.2	11098881	11108220	-3
NC_073247.2	11098921	11108251	2
NC_073247.2	11098925	11108282	3
NC_073247.2	11098957	11108131	-2
NC_073247.2	11098967	11108141	-1
NC_073247.2	11098968	11108142	1
NC_073247.2	113262111	113269767	1
NC_073248.2	2019	11067	-3
NC_073248.2	2020	11068	2
NC_086017.1	0	9945	-2
NC_086017.1	1	10147	2
NC_086017.1	76	9937	-1
NC_086017.1	77	10082	3
NC_086017.1	137318519	137331521	-3
NC_086017.1	137324298	137336481	-2
NC_086017.1	137342151	137350194	-2
NC_086017.1	137345834	137356823	-3
NC_086017.1	137349379	137360929	-1
NC_086017.1	137350197	137369193	-2
NC_086017.1	137369438	137382548	-3
NC_086017.1	137382551	137390600	-3
NC_086017.1	137386611	137394606	-2
NC_086017.1	137410787	137418605	-3
NC_086017.1	137422334	137438567	-3
NC_086017.1	137430663	137439786	-2
NC_086017.1	137437348	137445259	-1
NC_086017.1	137438570	137450096	-3
NC_086017.1	137451439	137461858	-1
NC_086017.1	137463201	137470728	-2
NC_086017.1	137466854	137479769	-3
NC_086017.1	137469955	137485750	-1
NC_086017.1	137470731	137481903	-2
NC_086017.1	137485753	137495776	-1
NC_086017.1	137491878	137501793	-2
NC_086017.1	137530379	137538416	-3
NC_086017.1	137534118	137544282	-2
NC_086017.1	137538419	137547614	-3
NC_086017.1	137553735	137562801	-2
NC_086017.1	137554063	137563156	-1
NC_086017.1	137621877	137630385	-2
NC_086017.1	137645625	137658474	-2
NC_086017.1	207349781	207366191	-3
NC_086018.1	8564839	8572612	-3
NC_086018.1	17831075	17840048	3
NC_086018.1	17831090	17839793	-2
NC_086018.1	19285923	19293849	1
NC_086018.1	19285946	19293812	3
NC_086018.1	19285963	19293832	2
