\BOOKMARK [1][-]{section.1}{Group 1: Single Peak at 0.33}{}% 1
\BOOKMARK [1][-]{section.2}{Group 2: Single Peak Elsewhere}{}% 2
\BOOKMARK [1][-]{section.3}{Group 3: Multiple Peaks}{}% 3
\BOOKMARK [2][-]{subsection.3.1}{SCFR\137NC\137060926.1\137201109\137207667}{section.3}% 4
\BOOKMARK [3][-]{subsubsection.3.1.1}{Protein: frame2}{subsection.3.1}% 5
\BOOKMARK [2][-]{subsection.3.2}{SCFR\137NC\137060926.1\137200980\137207685}{section.3}% 6
\BOOKMARK [3][-]{subsubsection.3.2.1}{Protein: frame-1}{subsection.3.2}% 7
\BOOKMARK [2][-]{subsection.3.3}{SCFR\137NC\137060926.1\137242515871\137242521001}{section.3}% 8
\BOOKMARK [3][-]{subsubsection.3.3.1}{Protein: frame-3}{subsection.3.3}% 9
\BOOKMARK [2][-]{subsection.3.4}{SCFR\137NC\137060926.1\13787368150\13787373736}{section.3}% 10
\BOOKMARK [3][-]{subsubsection.3.4.1}{Protein: frame-3}{subsection.3.4}% 11
\BOOKMARK [2][-]{subsection.3.5}{SCFR\137NC\137060926.1\137242515876\137242520997}{section.3}% 12
\BOOKMARK [3][-]{subsubsection.3.5.1}{Protein: frame-1}{subsection.3.5}% 13
\BOOKMARK [2][-]{subsection.3.6}{SCFR\137NC\137060926.1\137242515684\137242521150}{section.3}% 14
\BOOKMARK [3][-]{subsubsection.3.6.1}{Protein: frame2}{subsection.3.6}% 15
\BOOKMARK [2][-]{subsection.3.7}{SCFR\137NC\137060926.1\137202469\137207686}{section.3}% 16
\BOOKMARK [3][-]{subsubsection.3.7.1}{Protein: frame3}{subsection.3.7}% 17
\BOOKMARK [2][-]{subsection.3.8}{SCFR\137NC\137060926.1\137242515959\137242521185}{section.3}% 18
\BOOKMARK [3][-]{subsubsection.3.8.1}{Protein: frame-2}{subsection.3.8}% 19
\BOOKMARK [2][-]{subsection.3.9}{SCFR\137NC\137060926.1\137201123\137207753}{section.3}% 20
\BOOKMARK [3][-]{subsubsection.3.9.1}{Protein: frame-2}{subsection.3.9}% 21
\BOOKMARK [2][-]{subsection.3.10}{SCFR\137NC\137060926.1\137201161\137207728}{section.3}% 22
\BOOKMARK [3][-]{subsubsection.3.10.1}{Protein: frame-3}{subsection.3.10}% 23
\BOOKMARK [2][-]{subsection.3.11}{SCFR\137NC\137060926.1\137201153\137207540}{section.3}% 24
\BOOKMARK [3][-]{subsubsection.3.11.1}{Protein: frame1}{subsection.3.11}% 25
